[INFO   ] Logger: Record log in /storage/emulated/0/Python/Bakery/.kivy/logs/kivy_22-04-14_5.txt
[INFO   ] Kivy: v2.0.0
[INFO   ] Kivy: Installed at "/data/user/0/ru.iiec.pydroid3/files/arm-linux-androideabi/lib/python3.9/site-packages/kivy/__init__.py"
[INFO   ] Python: v3.9.7 (default, Oct  9 2021, 08:02:40) 
[GCC 11.1.0]
[INFO   ] Python: Interpreter at "/data/user/0/ru.iiec.pydroid3/files/arm-linux-androideabi/bin/python3"
[INFO   ] Factory: 186 symbols loaded
[INFO   ] Image: Providers: img_tex, img_dds, img_sdl2 (img_pil, img_ffpyplayer ignored)
[INFO   ] Text: Provider: sdl2
[INFO   ] Window: Provider: sdl2
[INFO   ] GL: Using the "OpenGL ES 2" graphics system
[INFO   ] GL: Backend used <sdl2>
[INFO   ] GL: OpenGL version <b'OpenGL ES 3.1 v1.r7p0-02rel0.4ea33e6671ff828e33c99c982634cd65'>
[INFO   ] GL: OpenGL vendor <b'ARM'>
[INFO   ] GL: OpenGL renderer <b'Mali-T720'>
[INFO   ] GL: OpenGL parsed version: 3, 1
[INFO   ] GL: Texture max size <8192>
[INFO   ] GL: Texture max units <16>
[INFO   ] Window: auto add sdl2 input provider
[INFO   ] Window: virtual keyboard not allowed, single mode, not docked
[INFO   ] GL: NPOT texture support is available
[WARNING] Base: Unknown <android> provider
[INFO   ] Base: Start application main loop
[WARNING] stderr: Exception in thread Thread-2:
[WARNING] stderr: Traceback (most recent call last):
[WARNING] stderr:   File "kivy/properties.pyx", line 861, in kivy.properties.ObservableDict.__getattr__
[WARNING] stderr: KeyError: 'tabs'
[WARNING] stderr: 
[WARNING] stderr: During handling of the above exception, another exception occurred:
[WARNING] stderr: 
[WARNING] stderr: Traceback (most recent call last):
[WARNING] stderr:   File "/data/user/0/ru.iiec.pydroid3/files/arm-linux-androideabi/lib/python3.9/threading.py", line 973, in _bootstrap_inner
[WARNING] stderr:     self.run()
[WARNING] stderr:   File "/data/user/0/ru.iiec.pydroid3/files/arm-linux-androideabi/lib/python3.9/site-packages/jnius/__init__.py", line 84, in jnius_thread_hook
[WARNING] stderr:     return orig_thread_run(*args, **kwargs)
[WARNING] stderr:   File "/data/user/0/ru.iiec.pydroid3/files/arm-linux-androideabi/lib/python3.9/threading.py", line 910, in run
[WARNING] stderr:     self._target(*self._args, **self._kwargs)
[WARNING] stderr:   File "/storage/emulated/0/Python/Bakery/Views/Home.py", line 26, in setup_tabs
[WARNING] stderr:     self.view.ids.tabs.add_widget(Builder.load_file("Views/kv/ProductsTAB.kv"))
[WARNING] stderr:   File "kivy/properties.pyx", line 864, in kivy.properties.ObservableDict.__getattr__
[WARNING] stderr: AttributeError: 'super' object has no attribute '__getattr__'
[INFO   ] Base: Leaving application in progress...
