[INFO   ] Logger: Record log in /storage/emulated/0/Python/ArtStore/.kivy/logs/kivy_22-05-05_15.txt
[INFO   ] Kivy: v2.0.0
[INFO   ] Kivy: Installed at "/data/user/0/ru.iiec.pydroid3/files/arm-linux-androideabi/lib/python3.9/site-packages/kivy/__init__.py"
[INFO   ] Python: v3.9.7 (default, Oct  9 2021, 08:02:40) 
[GCC 11.1.0]
[INFO   ] Python: Interpreter at "/data/user/0/ru.iiec.pydroid3/files/arm-linux-androideabi/bin/python3"
[INFO   ] KivyMD: 1.0.0.dev0, git-Unknown, 2022-04-30 (installed at "/data/user/0/ru.iiec.pydroid3/files/arm-linux-androideabi/lib/python3.9/site-packages/kivymd/__init__.py")
[INFO   ] Factory: 186 symbols loaded
[INFO   ] Image: Providers: img_tex, img_dds, img_sdl2, img_pil (img_ffpyplayer ignored)
[INFO   ] Text: Provider: sdl2
[INFO   ] Window: Provider: sdl2
[INFO   ] GL: Using the "OpenGL ES 2" graphics system
[INFO   ] GL: Backend used <sdl2>
[INFO   ] GL: OpenGL version <b'OpenGL ES 3.1 v1.r7p0-02rel0.4ea33e6671ff828e33c99c982634cd65'>
[INFO   ] GL: OpenGL vendor <b'ARM'>
[INFO   ] GL: OpenGL renderer <b'Mali-T720'>
[INFO   ] GL: OpenGL parsed version: 3, 1
[INFO   ] GL: Texture max size <8192>
[INFO   ] GL: Texture max units <16>
[INFO   ] Window: auto add sdl2 input provider
[INFO   ] Window: virtual keyboard not allowed, single mode, not docked
[WARNING] FitImage: Note!
In the near future the `FitImage` widget will be moved to the `kivymd.uix.fitimage` package.
Use import of this widget like this:`from kivymd.uix.fitimage import FitImage`.
[INFO   ] GL: NPOT texture support is available
[WARNING] GL: Unpack subimage support is not available
[WARNING] Deprecated property "<NumericProperty name=user_font_size>" of object "<kivymd.uix.button.button.MDIconButton object at 0x95eb5e98>" was accessed, it will be removed in a future version
[WARNING] Deprecated property "<OptionProperty name=theme_text_color>" of object "<kivymd.uix.button.button.MDIconButton object at 0x95eb5e98>" was accessed, it will be removed in a future version
[WARNING] stderr: Traceback (most recent call last):
[WARNING] stderr:   File "/data/user/0/ru.iiec.pydroid3/files/arm-linux-androideabi/lib/python3.9/site-packages/kivy/lang/builder.py", line 705, in _apply_rule
[WARNING] stderr:     setattr(widget_set, key, value)
[WARNING] stderr:   File "kivy/weakproxy.pyx", line 35, in kivy.weakproxy.WeakProxy.__setattr__
[WARNING] stderr:   File "kivy/properties.pyx", line 498, in kivy.properties.Property.__set__
[WARNING] stderr:   File "kivy/properties.pyx", line 542, in kivy.properties.Property.set
[WARNING] stderr:   File "kivy/properties.pyx", line 533, in kivy.properties.Property.set
[WARNING] stderr:   File "kivy/properties.pyx", line 1253, in kivy.properties.OptionProperty.check
[WARNING] stderr: ValueError: MDStackLayout.orientation is set to an invalid option 'vertical'. Must be one of: ['lr-tb', 'tb-lr', 'rl-tb', 'tb-rl', 'lr-bt', 'bt-lr', 'rl-bt', 'bt-rl']
[WARNING] stderr: 
[WARNING] stderr: During handling of the above exception, another exception occurred:
[WARNING] stderr: 
[WARNING] stderr: Traceback (most recent call last):
[WARNING] stderr:   File "/storage/emulated/0/Python/ArtStore/__init__.py", line 56, in <module>
[WARNING] stderr:     Application().run()
[WARNING] stderr:   File "/data/user/0/ru.iiec.pydroid3/files/arm-linux-androideabi/lib/python3.9/site-packages/kivy/app.py", line 949, in run
[WARNING] stderr:     self._run_prepare()
[WARNING] stderr:   File "/data/user/0/ru.iiec.pydroid3/files/arm-linux-androideabi/lib/python3.9/site-packages/kivy/app.py", line 919, in _run_prepare
[WARNING] stderr:     root = self.build()
[WARNING] stderr:   File "/storage/emulated/0/Python/ArtStore/__init__.py", line 37, in build
[WARNING] stderr:     self.screen_manager = Manager()
[WARNING] stderr:   File "/storage/emulated/0/Python/ArtStore/__init__.py", line 16, in __init__
[WARNING] stderr:     self.setup()
[WARNING] stderr:   File "/storage/emulated/0/Python/ArtStore/__init__.py", line 21, in setup
[WARNING] stderr:     self.add_widget(SignUpView(name="SignUp"))
[WARNING] stderr:   File "/storage/emulated/0/Python/ArtStore/Views/SignUp.py", line 31, in __init__
[WARNING] stderr:     self.build()
[WARNING] stderr:   File "/storage/emulated/0/Python/ArtStore/Views/SignUp.py", line 34, in build
[WARNING] stderr:     template = Builder.load_file("Views/kv/SignUp.kv")
[WARNING] stderr:   File "/data/user/0/ru.iiec.pydroid3/files/arm-linux-androideabi/lib/python3.9/site-packages/kivy/lang/builder.py", line 306, in load_file
[WARNING] stderr:     return self.load_string(data, **kwargs)
[WARNING] stderr:   File "/data/user/0/ru.iiec.pydroid3/files/arm-linux-androideabi/lib/python3.9/site-packages/kivy/lang/builder.py", line 408, in load_string
[WARNING] stderr:     self._apply_rule(
[WARNING] stderr:   File "/data/user/0/ru.iiec.pydroid3/files/arm-linux-androideabi/lib/python3.9/site-packages/kivy/lang/builder.py", line 710, in _apply_rule
[WARNING] stderr:     raise BuilderException(rule.ctx, rule.line,
[WARNING] stderr: kivy.lang.builder.BuilderException: Parser: File "/storage/emulated/0/Python/ArtStore/Views/kv/SignUp.kv", line 18:
[WARNING] stderr: ...
[WARNING] stderr:      16:	MDStackLayout:
[WARNING] stderr:      17:		id: form
[WARNING] stderr: >>   18:		orientation: "vertical"
[WARNING] stderr:      19:		size_hint: 0.7, 0.9
[WARNING] stderr:      20:		pos_hint: {"center_x": .5, "center_y": 0.5}
[WARNING] stderr: ...
[WARNING] stderr: ValueError: MDStackLayout.orientation is set to an invalid option 'vertical'. Must be one of: ['lr-tb', 'tb-lr', 'rl-tb', 'tb-rl', 'lr-bt', 'bt-lr', 'rl-bt', 'bt-rl']
[WARNING] stderr:   File "/data/user/0/ru.iiec.pydroid3/files/arm-linux-androideabi/lib/python3.9/site-packages/kivy/lang/builder.py", line 705, in _apply_rule
[WARNING] stderr:     setattr(widget_set, key, value)
[WARNING] stderr:   File "kivy/weakproxy.pyx", line 35, in kivy.weakproxy.WeakProxy.__setattr__
[WARNING] stderr:   File "kivy/properties.pyx", line 498, in kivy.properties.Property.__set__
[WARNING] stderr:   File "kivy/properties.pyx", line 542, in kivy.properties.Property.set
[WARNING] stderr:   File "kivy/properties.pyx", line 533, in kivy.properties.Property.set
[WARNING] stderr:   File "kivy/properties.pyx", line 1253, in kivy.properties.OptionProperty.check
[WARNING] stderr: 
